<?xml version="1.0" encoding="UTF-8"?>
<!-- Generated by org.testng.reporters.JUnitXMLReporter -->
<testsuite hostname="ncs-300119ml05" ignored="0" name="backend" tests="4" failures="0" timestamp="11 Mar 2019 09:50:02 GMT" time="5.115" errors="0">
  <testcase name="createProductTest" time="0.006" classname="com.proj.sample.test.GroupTestProductService"/>
  <testcase name="editProductTest" time="0.08" classname="com.proj.sample.test.GroupTestProductService"/>
  <testcase name="getAllProductsTest" time="0.163" classname="com.proj.sample.test.GroupTestProductService"/>
  <testcase name="getProductByIdTest" time="0.006" classname="com.proj.sample.test.GroupTestProductService"/>
</testsuite> <!-- backend -->
