<?xml version="1.0" encoding="UTF-8"?>
<testng-results skipped="0" failed="0" ignored="0" total="4" passed="4">
  <reporter-output>
  </reporter-output>
  <suite name="tests" duration-ms="5115" started-at="2019-03-11T09:49:57Z" finished-at="2019-03-11T09:50:02Z">
    <groups>
      <group name="modify">
        <method signature="GroupTestProductService.createProductTest()[pri:0, instance:com.proj.sample.test.GroupTestProductService@f381794]" name="createProductTest" class="com.proj.sample.test.GroupTestProductService"/>
        <method signature="GroupTestProductService.editProductTest()[pri:0, instance:com.proj.sample.test.GroupTestProductService@f381794]" name="editProductTest" class="com.proj.sample.test.GroupTestProductService"/>
      </group> <!-- modify -->
      <group name="read">
        <method signature="GroupTestProductService.getAllProductsTest()[pri:0, instance:com.proj.sample.test.GroupTestProductService@f381794]" name="getAllProductsTest" class="com.proj.sample.test.GroupTestProductService"/>
        <method signature="GroupTestProductService.getProductByIdTest()[pri:0, instance:com.proj.sample.test.GroupTestProductService@f381794]" name="getProductByIdTest" class="com.proj.sample.test.GroupTestProductService"/>
      </group> <!-- read -->
    </groups>
    <test name="backend" duration-ms="5115" started-at="2019-03-11T09:49:57Z" finished-at="2019-03-11T09:50:02Z">
      <class name="com.proj.sample.test.GroupTestProductService">
        <test-method status="PASS" signature="springTestContextBeforeTestClass()[pri:0, instance:com.proj.sample.test.GroupTestProductService@f381794]" name="springTestContextBeforeTestClass" is-config="true" duration-ms="21" started-at="2019-03-11T09:49:57Z" finished-at="2019-03-11T09:49:57Z">
          <reporter-output>
          </reporter-output>
        </test-method> <!-- springTestContextBeforeTestClass -->
        <test-method status="PASS" signature="springTestContextPrepareTestInstance()[pri:0, instance:com.proj.sample.test.GroupTestProductService@f381794]" name="springTestContextPrepareTestInstance" is-config="true" duration-ms="4809" started-at="2019-03-11T09:49:57Z" depends-on-methods="org.springframework.test.context.testng.AbstractTestNGSpringContextTests.springTestContextBeforeTestClass" finished-at="2019-03-11T09:50:01Z">
          <reporter-output>
          </reporter-output>
        </test-method> <!-- springTestContextPrepareTestInstance -->
        <test-method status="PASS" signature="springTestContextBeforeTestMethod(java.lang.reflect.Method)[pri:0, instance:com.proj.sample.test.GroupTestProductService@f381794]" name="springTestContextBeforeTestMethod" is-config="true" duration-ms="2" started-at="2019-03-11T09:50:01Z" finished-at="2019-03-11T09:50:01Z">
          <params>
            <param index="0">
              <value>
                <![CDATA[public void com.proj.sample.test.GroupTestProductService.createProductTest()]]>
              </value>
            </param>
          </params>
          <reporter-output>
          </reporter-output>
        </test-method> <!-- springTestContextBeforeTestMethod -->
        <test-method status="PASS" signature="beforeModifyingProducts()[pri:0, instance:com.proj.sample.test.GroupTestProductService@f381794]" name="beforeModifyingProducts" is-config="true" duration-ms="0" started-at="2019-03-11T09:50:01Z" finished-at="2019-03-11T09:50:01Z">
          <reporter-output>
          </reporter-output>
        </test-method> <!-- beforeModifyingProducts -->
        <test-method status="PASS" signature="createProductTest()[pri:0, instance:com.proj.sample.test.GroupTestProductService@f381794]" name="createProductTest" duration-ms="6" started-at="2019-03-11T09:50:01Z" finished-at="2019-03-11T09:50:01Z">
          <reporter-output>
          </reporter-output>
        </test-method> <!-- createProductTest -->
        <test-method status="PASS" signature="springTestContextAfterTestMethod(java.lang.reflect.Method)[pri:0, instance:com.proj.sample.test.GroupTestProductService@f381794]" name="springTestContextAfterTestMethod" is-config="true" duration-ms="1" started-at="2019-03-11T09:50:01Z" finished-at="2019-03-11T09:50:01Z">
          <params>
            <param index="0">
              <value>
                <![CDATA[public void com.proj.sample.test.GroupTestProductService.createProductTest()]]>
              </value>
            </param>
          </params>
          <reporter-output>
          </reporter-output>
        </test-method> <!-- springTestContextAfterTestMethod -->
        <test-method status="PASS" signature="springTestContextBeforeTestMethod(java.lang.reflect.Method)[pri:0, instance:com.proj.sample.test.GroupTestProductService@f381794]" name="springTestContextBeforeTestMethod" is-config="true" duration-ms="1" started-at="2019-03-11T09:50:01Z" finished-at="2019-03-11T09:50:01Z">
          <params>
            <param index="0">
              <value>
                <![CDATA[public void com.proj.sample.test.GroupTestProductService.editProductTest()]]>
              </value>
            </param>
          </params>
          <reporter-output>
          </reporter-output>
        </test-method> <!-- springTestContextBeforeTestMethod -->
        <test-method status="PASS" signature="editProductTest()[pri:0, instance:com.proj.sample.test.GroupTestProductService@f381794]" name="editProductTest" duration-ms="80" started-at="2019-03-11T09:50:01Z" finished-at="2019-03-11T09:50:01Z">
          <reporter-output>
          </reporter-output>
        </test-method> <!-- editProductTest -->
        <test-method status="PASS" signature="afterModifyingProducts()[pri:0, instance:com.proj.sample.test.GroupTestProductService@f381794]" name="afterModifyingProducts" is-config="true" duration-ms="0" started-at="2019-03-11T09:50:01Z" finished-at="2019-03-11T09:50:01Z">
          <reporter-output>
          </reporter-output>
        </test-method> <!-- afterModifyingProducts -->
        <test-method status="PASS" signature="springTestContextAfterTestMethod(java.lang.reflect.Method)[pri:0, instance:com.proj.sample.test.GroupTestProductService@f381794]" name="springTestContextAfterTestMethod" is-config="true" duration-ms="0" started-at="2019-03-11T09:50:01Z" finished-at="2019-03-11T09:50:01Z">
          <params>
            <param index="0">
              <value>
                <![CDATA[public void com.proj.sample.test.GroupTestProductService.editProductTest()]]>
              </value>
            </param>
          </params>
          <reporter-output>
          </reporter-output>
        </test-method> <!-- springTestContextAfterTestMethod -->
        <test-method status="PASS" signature="springTestContextBeforeTestMethod(java.lang.reflect.Method)[pri:0, instance:com.proj.sample.test.GroupTestProductService@f381794]" name="springTestContextBeforeTestMethod" is-config="true" duration-ms="1" started-at="2019-03-11T09:50:01Z" finished-at="2019-03-11T09:50:01Z">
          <params>
            <param index="0">
              <value>
                <![CDATA[public void com.proj.sample.test.GroupTestProductService.getAllProductsTest()]]>
              </value>
            </param>
          </params>
          <reporter-output>
          </reporter-output>
        </test-method> <!-- springTestContextBeforeTestMethod -->
        <test-method status="PASS" signature="beforeGettingProducts()[pri:0, instance:com.proj.sample.test.GroupTestProductService@f381794]" name="beforeGettingProducts" is-config="true" duration-ms="0" started-at="2019-03-11T09:50:01Z" finished-at="2019-03-11T09:50:01Z">
          <reporter-output>
          </reporter-output>
        </test-method> <!-- beforeGettingProducts -->
        <test-method status="PASS" signature="getAllProductsTest()[pri:0, instance:com.proj.sample.test.GroupTestProductService@f381794]" name="getAllProductsTest" duration-ms="163" started-at="2019-03-11T09:50:01Z" finished-at="2019-03-11T09:50:02Z">
          <reporter-output>
          </reporter-output>
        </test-method> <!-- getAllProductsTest -->
        <test-method status="PASS" signature="springTestContextAfterTestMethod(java.lang.reflect.Method)[pri:0, instance:com.proj.sample.test.GroupTestProductService@f381794]" name="springTestContextAfterTestMethod" is-config="true" duration-ms="0" started-at="2019-03-11T09:50:02Z" finished-at="2019-03-11T09:50:02Z">
          <params>
            <param index="0">
              <value>
                <![CDATA[public void com.proj.sample.test.GroupTestProductService.getAllProductsTest()]]>
              </value>
            </param>
          </params>
          <reporter-output>
          </reporter-output>
        </test-method> <!-- springTestContextAfterTestMethod -->
        <test-method status="PASS" signature="getProductByIdTest()[pri:0, instance:com.proj.sample.test.GroupTestProductService@f381794]" name="getProductByIdTest" duration-ms="6" started-at="2019-03-11T09:50:02Z" finished-at="2019-03-11T09:50:02Z">
          <reporter-output>
          </reporter-output>
        </test-method> <!-- getProductByIdTest -->
        <test-method status="PASS" signature="springTestContextBeforeTestMethod(java.lang.reflect.Method)[pri:0, instance:com.proj.sample.test.GroupTestProductService@f381794]" name="springTestContextBeforeTestMethod" is-config="true" duration-ms="0" started-at="2019-03-11T09:50:02Z" finished-at="2019-03-11T09:50:02Z">
          <params>
            <param index="0">
              <value>
                <![CDATA[public void com.proj.sample.test.GroupTestProductService.getProductByIdTest()]]>
              </value>
            </param>
          </params>
          <reporter-output>
          </reporter-output>
        </test-method> <!-- springTestContextBeforeTestMethod -->
        <test-method status="PASS" signature="springTestContextAfterTestMethod(java.lang.reflect.Method)[pri:0, instance:com.proj.sample.test.GroupTestProductService@f381794]" name="springTestContextAfterTestMethod" is-config="true" duration-ms="0" started-at="2019-03-11T09:50:02Z" finished-at="2019-03-11T09:50:02Z">
          <params>
            <param index="0">
              <value>
                <![CDATA[public void com.proj.sample.test.GroupTestProductService.getProductByIdTest()]]>
              </value>
            </param>
          </params>
          <reporter-output>
          </reporter-output>
        </test-method> <!-- springTestContextAfterTestMethod -->
        <test-method status="PASS" signature="afterGettingProducts()[pri:0, instance:com.proj.sample.test.GroupTestProductService@f381794]" name="afterGettingProducts" is-config="true" duration-ms="0" started-at="2019-03-11T09:50:02Z" finished-at="2019-03-11T09:50:02Z">
          <reporter-output>
          </reporter-output>
        </test-method> <!-- afterGettingProducts -->
        <test-method status="PASS" signature="springTestContextAfterTestClass()[pri:0, instance:com.proj.sample.test.GroupTestProductService@f381794]" name="springTestContextAfterTestClass" is-config="true" duration-ms="0" started-at="2019-03-11T09:50:02Z" finished-at="2019-03-11T09:50:02Z">
          <reporter-output>
          </reporter-output>
        </test-method> <!-- springTestContextAfterTestClass -->
      </class> <!-- com.proj.sample.test.GroupTestProductService -->
    </test> <!-- backend -->
  </suite> <!-- tests -->
</testng-results>
